<?xml version="1.0" encoding="UTF-8"?>
<testsuite name="testRunner.TestRunner" time="0.007" tests="4" errors="0" skipped="0" failures="0">
  <properties>
[...]
</properties>
  <testcase name="Given I want to go on &quot;Facebook&quot;" classname="Scenario: Search for Facebook" time="0.002"/>
  <testcase name="When I search on Google" classname="Scenario: Search for Facebook" time="0"/>
  <testcase name="Then I should see the search results for &quot;Facebook&quot;" classname="Scenario: Search for Facebook" time="0"/>
  <testcase name="Scenario: Search for Facebook" classname="Scenario: Search for Facebook" time="0.005"/>
</testsuite>