<?xml version="1.0" encoding="UTF-8"?>
<testsuite name="sharedResources.testRunner.TestRunner" time="0.003" tests="21" errors="0" skipped="7" failures="0">
  <properties>
[...]
</properties>
  <testcase name="Given I want to navigate the main menu" classname="Scenario: Navigate main menu" time="0">
    <skipped/>
  </testcase>
  <testcase name="When I select &quot;&lt;menu&gt;&quot; item" classname="Scenario: Navigate main menu" time="0">
    <skipped/>
  </testcase>
  <testcase name="Then I should be on &quot;&lt;menu&gt;&quot; page" classname="Scenario: Navigate main menu" time="0">
    <skipped/>
  </testcase>
  <testcase name="Scenario: Navigate main menu" classname="Scenario: Navigate main menu" time="0">
    <skipped/>
  </testcase>
  <testcase name="Scenario: Navigate main menu" classname="Scenario: Navigate main menu" time="0.182"/>
  <testcase name="Given I want to navigate the archives menu" classname="Scenario: Navigate archives menu" time="0">
    <skipped/>
  </testcase>
  <testcase name="Then I select each menu and confirm it goes to the correct page" classname="Scenario: Navigate archives menu" time="0">
    <skipped/>
  </testcase>
  <testcase name="Scenario: Navigate archives menu" classname="Scenario: Navigate archives menu" time="0">
    <skipped/>
  </testcase>
  <testcase name="Scenario: Navigate archives menu" classname="Scenario: Navigate archives menu" time="0.01"/>
  <testcase name="Given I want to find many articles" classname="Scenario: Search term to find more than 1 articles" time="0"/>
  <testcase name="When I search for &quot;automation&quot;" classname="Scenario: Search term to find more than 1 articles" time="0"/>
  <testcase name="Then I should see search results for &quot;automation&quot;" classname="Scenario: Search term to find more than 1 articles" time="0"/>
  <testcase name="Scenario: Search term to find more than 1 articles" classname="Scenario: Search term to find more than 1 articles" time="0"/>
  <testcase name="Given I want to find only 1 article" classname="Scenario: Search term to find only 1 article" time="0"/>
  <testcase name="When I search for &quot;python.org&quot;" classname="Scenario: Search term to find only 1 article" time="0"/>
  <testcase name="Then I should see only a single search result for &quot;python.org&quot;" classname="Scenario: Search term to find only 1 article" time="0"/>
  <testcase name="Scenario: Search term to find only 1 article" classname="Scenario: Search term to find only 1 article" time="0.001"/>
  <testcase name="Given I want to find no articles" classname="Scenario: Search term to find no articles" time="0"/>
  <testcase name="When I search for &quot;nope&quot;" classname="Scenario: Search term to find no articles" time="0"/>
  <testcase name="Then I should see no articles found" classname="Scenario: Search term to find no articles" time="0"/>
  <testcase name="Scenario: Search term to find no articles" classname="Scenario: Search term to find no articles" time="0.002"/>
</testsuite>