<?xml version="1.0" encoding="UTF-8"?>
<testsuite name="sharedResources.testRunner.TestRunner" time="0.006" tests="26" errors="0" skipped="0" failures="0">
  <properties>
[...]
</properties>
  <testcase name="Given I go to Contact page" classname="Scenario: Fill out contact page details" time="0.001"/>
  <testcase name="When I fill out the contact form" classname="Scenario: Fill out contact page details" time="0"/>
  <testcase name="Then I am able to submit the contact form" classname="Scenario: Fill out contact page details" time="0"/>
  <testcase name="Scenario: Fill out contact page details" classname="Scenario: Fill out contact page details" time="0.001"/>
  <testcase name="Given I go to Contact page" classname="Scenario: Pressing submit without completing form" time="0"/>
  <testcase name="When I press submit button without filling in form" classname="Scenario: Pressing submit without completing form" time="0"/>
  <testcase name="Then I am not able to submit the contact form" classname="Scenario: Pressing submit without completing form" time="0"/>
  <testcase name="Scenario: Pressing submit without completing form" classname="Scenario: Pressing submit without completing form" time="0.001"/>
  <testcase name="Given I want to navigate the main menu" classname="Scenario: Navigate main menu" time="0"/>
  <testcase name="Then I navigate the options of the main menu" classname="Scenario: Navigate main menu" time="0"/>
  <testcase name="Scenario: Navigate main menu" classname="Scenario: Navigate main menu" time="0.001"/>
  <testcase name="Given I want to navigate the archives menu" classname="Scenario: Navigate archives menu" time="0"/>
  <testcase name="Then I navigate the options of the archive menu" classname="Scenario: Navigate archives menu" time="0"/>
  <testcase name="Scenario: Navigate archives menu" classname="Scenario: Navigate archives menu" time="0.001"/>
  <testcase name="Given I want to find many articles" classname="Scenario: Search term to find more than 1 articles" time="0"/>
  <testcase name="When I search for &quot;automation&quot;" classname="Scenario: Search term to find more than 1 articles" time="0"/>
  <testcase name="Then I should see multiple search results for &quot;automation&quot;" classname="Scenario: Search term to find more than 1 articles" time="0"/>
  <testcase name="Scenario: Search term to find more than 1 articles" classname="Scenario: Search term to find more than 1 articles" time="0.001"/>
  <testcase name="Given I want to find only 1 article" classname="Scenario: Search term to find only 1 article" time="0"/>
  <testcase name="When I search for &quot;python.org&quot;" classname="Scenario: Search term to find only 1 article" time="0"/>
  <testcase name="Then I should see only a single search result for &quot;python.org&quot;" classname="Scenario: Search term to find only 1 article" time="0"/>
  <testcase name="Scenario: Search term to find only 1 article" classname="Scenario: Search term to find only 1 article" time="0"/>
  <testcase name="Given I want to find no articles" classname="Scenario: Search term to find no articles" time="0"/>
  <testcase name="When I search for &quot;nope&quot;" classname="Scenario: Search term to find no articles" time="0"/>
  <testcase name="Then I should see no articles found" classname="Scenario: Search term to find no articles" time="0"/>
  <testcase name="Scenario: Search term to find no articles" classname="Scenario: Search term to find no articles" time="0"/>
</testsuite>